INFO: 2024-11-09 13:29:36,083: main() 'Using profile folder /home/hplat/.config/variety/'
INFO: 2024-11-09 13:29:36,087: perform_upgrade() 'Last run version was 0.8.12 or earlier, current version is 0.8.12'
ERROR: 2024-11-09 13:29:36,087: perform_upgrade() 'Error during version upgrade. Continuing.'
Traceback (most recent call last):
  File "/usr/lib/python3.12/site-packages/variety/VarietyWindow.py", line 2283, in perform_upgrade
    if Util.compare_versions(last_version, "0.4.13") < 0:
       ^^^^^^^^^^^^^^^^^^^^^^^^^^^^^^^^^^^^^^^^^^^^^
  File "/usr/lib/python3.12/site-packages/variety/Util.py", line 768, in compare_versions
    from pkg_resources import parse_version
ModuleNotFoundError: No module named 'pkg_resources'
INFO: 2024-11-09 13:29:36,089: process_command() 'Received command: ['--profile', '/home/hplat/.config/variety/']'
INFO: 2024-11-09 13:29:36,090: start() 'Using data_path /usr/share/variety'
INFO: 2024-11-09 13:29:36,090: load() 'Jumble loading'
INFO: 2024-11-09 13:29:36,090: _walk_modules() 'Jumble loading module in __init__ from /usr/lib/python3.12/site-packages/variety/plugins/builtin/__init__.py'
INFO: 2024-11-09 13:29:36,091: _walk_modules() 'Jumble loading module in WallhavenDownloader from /usr/lib/python3.12/site-packages/variety/plugins/builtin/downloaders/WallhavenDownloader.py'
INFO: 2024-11-09 13:29:36,093: _walk_modules() 'Jumble loading module in RedditSource from /usr/lib/python3.12/site-packages/variety/plugins/builtin/downloaders/RedditSource.py'
INFO: 2024-11-09 13:29:36,094: load() 'Jumble found plugin class: <class 'RedditSource.RedditSource'>: {'name': 'RedditSource', 'description': 'Configurable source for fetching images from Reddit', 'author': 'Peter Levi', 'version': '0.1'}'
INFO: 2024-11-09 13:29:36,094: _walk_modules() 'Jumble loading module in ArtStationSource from /usr/lib/python3.12/site-packages/variety/plugins/builtin/downloaders/ArtStationSource.py'
INFO: 2024-11-09 13:29:36,095: load() 'Jumble found plugin class: <class 'ArtStationSource.ArtStationSource'>: {'name': 'ArtStationSource', 'description': 'Configurable source for fetching images from ArtStation', 'author': 'Denis Gordeev', 'version': '0.1'}'
INFO: 2024-11-09 13:29:36,095: _walk_modules() 'Jumble loading module in UnsplashDownloader from /usr/lib/python3.12/site-packages/variety/plugins/builtin/downloaders/UnsplashDownloader.py'
INFO: 2024-11-09 13:29:36,096: load() 'Jumble found plugin class: <class 'UnsplashDownloader.UnsplashDownloader'>: {'name': 'UnsplashDownloader', 'description': 'High-resolution photos from Unsplash.com', 'author': 'Peter Levi', 'version': '0.1'}'
INFO: 2024-11-09 13:29:36,096: _walk_modules() 'Jumble loading module in WallhavenSource from /usr/lib/python3.12/site-packages/variety/plugins/builtin/downloaders/WallhavenSource.py'
INFO: 2024-11-09 13:29:36,097: load() 'Jumble found plugin class: <class 'WallhavenSource.WallhavenSource'>: {'name': 'WallhavenSource', 'description': 'Configurable source for fetching images from Wallhaven.cc', 'author': 'Peter Levi', 'version': '0.1'}'
INFO: 2024-11-09 13:29:36,097: _walk_modules() 'Jumble loading module in MediaRSSSource from /usr/lib/python3.12/site-packages/variety/plugins/builtin/downloaders/MediaRSSSource.py'
INFO: 2024-11-09 13:29:36,098: load() 'Jumble found plugin class: <class 'MediaRSSSource.MediaRSSSource'>: {'name': 'MediaRSSSource', 'description': 'Configurable source for fetching images from MediaRSS feeds', 'author': 'Peter Levi', 'version': '0.1'}'
INFO: 2024-11-09 13:29:36,098: _walk_modules() 'Jumble loading module in EarthviewDownloader from /usr/lib/python3.12/site-packages/variety/plugins/builtin/downloaders/EarthviewDownloader.py'
INFO: 2024-11-09 13:29:36,098: load() 'Jumble found plugin class: <class 'EarthviewDownloader.EarthviewDownloader'>: {'name': 'EarthviewDownloader', 'description': 'Google Earth View Wallpapers', 'author': 'Peter Levi', 'version': '0.1'}'
INFO: 2024-11-09 13:29:36,098: _walk_modules() 'Jumble loading module in BingDownloader from /usr/lib/python3.12/site-packages/variety/plugins/builtin/downloaders/BingDownloader.py'
INFO: 2024-11-09 13:29:36,099: load() 'Jumble found plugin class: <class 'BingDownloader.BingDownloader'>: {'name': 'BingDownloader', 'description': 'Bing Photo of the Day', 'author': 'Peter Levi', 'version': '0.1'}'
INFO: 2024-11-09 13:29:36,099: _walk_modules() 'Jumble loading module in UnsplashConfigurableSource from /usr/lib/python3.12/site-packages/variety/plugins/builtin/downloaders/UnsplashConfigurableSource.py'
INFO: 2024-11-09 13:29:36,100: load() 'Jumble found plugin class: <class 'UnsplashConfigurableSource.UnsplashConfigurableSource'>: {'name': 'UnsplashConfigurableSource', 'description': 'Configurable source for fetching photos from Unsplash.com', 'author': 'Peter Levi', 'version': '0.1'}'
INFO: 2024-11-09 13:29:36,100: _walk_modules() 'Jumble loading module in APODDownloader from /usr/lib/python3.12/site-packages/variety/plugins/builtin/downloaders/APODDownloader.py'
INFO: 2024-11-09 13:29:36,101: load() 'Jumble found plugin class: <class 'APODDownloader.APODDownloader'>: {'name': 'APODDownloader', 'description': 'NASA Astro Pic of the Day', 'author': 'Peter Levi', 'version': '0.1'}'
INFO: 2024-11-09 13:29:36,101: _walk_modules() 'Jumble loading module in ArtStationDownloader from /usr/lib/python3.12/site-packages/variety/plugins/builtin/downloaders/ArtStationDownloader.py'
INFO: 2024-11-09 13:29:36,101: _walk_modules() 'Jumble loading module in WallhavenLegacyDownloader from /usr/lib/python3.12/site-packages/variety/plugins/builtin/downloaders/WallhavenLegacyDownloader.py'
INFO: 2024-11-09 13:29:36,101: _walk_modules() 'Jumble loading module in MediaRSSDownloader from /usr/lib/python3.12/site-packages/variety/plugins/builtin/downloaders/MediaRSSDownloader.py'
INFO: 2024-11-09 13:29:36,102: _walk_modules() 'Jumble loading module in RedditDownloader from /usr/lib/python3.12/site-packages/variety/plugins/builtin/downloaders/RedditDownloader.py'
INFO: 2024-11-09 13:29:36,102: _walk_modules() 'Jumble loading module in __init__ from /usr/lib/python3.12/site-packages/variety/plugins/builtin/downloaders/__init__.py'
INFO: 2024-11-09 13:29:36,103: _walk_modules() 'Jumble loading module in NationalGeographicDownloader from /usr/lib/python3.12/site-packages/variety/plugins/builtin/downloaders/NationalGeographicDownloader.py'
INFO: 2024-11-09 13:29:36,103: load() 'Jumble found plugin class: <class 'NationalGeographicDownloader.NationalGeographicDownloader'>: {'name': 'NationalGeographicDownloader', 'description': "National Geographic's photo of the day", 'author': 'Eric RÃ¶sch', 'version': '0.1'}'
INFO: 2024-11-09 13:29:36,103: _walk_modules() 'Jumble loading module in ResizingDisplayModesPlugin from /usr/lib/python3.12/site-packages/variety/plugins/builtin/display_modes/ResizingDisplayModesPlugin.py'
INFO: 2024-11-09 13:29:36,104: load() 'Jumble found plugin class: <class 'ResizingDisplayModesPlugin.ResizingDisplayModesPlugin'>: {'name': 'ResizingDisplayModesPlugin', 'description': 'Display modes that use image resizing within Variety', 'version': '1.0', 'author': 'Peter Levi'}'
INFO: 2024-11-09 13:29:36,104: _walk_modules() 'Jumble loading module in LegacyDisplayModesPlugin from /usr/lib/python3.12/site-packages/variety/plugins/builtin/display_modes/LegacyDisplayModesPlugin.py'
INFO: 2024-11-09 13:29:36,105: load() 'Jumble found plugin class: <class 'LegacyDisplayModesPlugin.LegacyDisplayModesPlugin'>: {'name': 'LegacyDisplayModesPlugin', 'description': 'Legacy display mode for compatibility with past Variety versions', 'version': '1.0', 'author': 'Peter Levi'}'
INFO: 2024-11-09 13:29:36,105: _walk_modules() 'Jumble loading module in __init__ from /usr/lib/python3.12/site-packages/variety/plugins/builtin/display_modes/__init__.py'
INFO: 2024-11-09 13:29:36,105: _walk_modules() 'Jumble loading module in GnomeDisplayModesPlugin from /usr/lib/python3.12/site-packages/variety/plugins/builtin/display_modes/GnomeDisplayModesPlugin.py'
INFO: 2024-11-09 13:29:36,105: load() 'Jumble found plugin class: <class 'GnomeDisplayModesPlugin.GnomeDisplayModesPlugin'>: {'name': 'GnomeDisplayModesPlugin', 'description': 'Display modes relying on the underlying desktop environment', 'version': '1.0', 'author': 'Peter Levi'}'
INFO: 2024-11-09 13:29:36,106: _walk_modules() 'Jumble loading module in QuotationsPageSource from /usr/lib/python3.12/site-packages/variety/plugins/builtin/quotes/QuotationsPageSource.py'
INFO: 2024-11-09 13:29:36,143: load() 'Jumble found plugin class: <class 'QuotationsPageSource.QuotationsPageSource'>: {'name': 'TheQuotationsPage.com', 'description': 'Fetches quotes from TheQuotationsPage.com', 'author': 'Peter Levi', 'version': '0.1'}'
INFO: 2024-11-09 13:29:36,143: _walk_modules() 'Jumble loading module in LocalFilesSource from /usr/lib/python3.12/site-packages/variety/plugins/builtin/quotes/LocalFilesSource.py'
INFO: 2024-11-09 13:29:36,144: load() 'Jumble found plugin class: <class 'LocalFilesSource.LocalFilesSource'>: {'name': 'Local text files', 'description': 'Displays quotes, defined in local text files.\nPut your own txt files in: /home/hplat/.config/variety/pluginconfig/quotes/.\nThe file format is:\n\nquote -- author\n.\nsecond quote -- another author\n.\netc...\n\nExample: http://rvelthuis.de/zips/quotes.txt', 'author': 'Peter Levi', 'version': '0.1'}'
INFO: 2024-11-09 13:29:36,144: _walk_modules() 'Jumble loading module in UrbanDictionarySource from /usr/lib/python3.12/site-packages/variety/plugins/builtin/quotes/UrbanDictionarySource.py'
INFO: 2024-11-09 13:29:36,145: load() 'Jumble found plugin class: <class 'UrbanDictionarySource.UrbanDictionarySource'>: {'name': 'Urban Dictionary', 'description': 'Displays definitions from Urban Dictionary', 'author': 'James Miller', 'version': '0.1'}'
INFO: 2024-11-09 13:29:36,145: _walk_modules() 'Jumble loading module in FortuneSource from /usr/lib/python3.12/site-packages/variety/plugins/builtin/quotes/FortuneSource.py'
INFO: 2024-11-09 13:29:36,146: load() 'Jumble found plugin class: <class 'FortuneSource.FortuneSource'>: {'name': 'UNIX fortune program', 'description': 'Displays quotes using the UNIX fortune program. You may want to install additional fortune packs, e.g. fortunes-bofh-excuses.', 'author': 'Dan Jones', 'version': '0.1'}'
INFO: 2024-11-09 13:29:36,146: _walk_modules() 'Jumble loading module in GoodreadsSource from /usr/lib/python3.12/site-packages/variety/plugins/builtin/quotes/GoodreadsSource.py'
INFO: 2024-11-09 13:29:36,147: load() 'Jumble found plugin class: <class 'GoodreadsSource.GoodreadsSource'>: {'name': 'Goodreads', 'description': 'Fetches quotes from Goodreads.com', 'author': 'Peter Levi', 'version': '0.1'}'
INFO: 2024-11-09 13:29:36,147: _walk_modules() 'Jumble loading module in __init__ from /usr/lib/python3.12/site-packages/variety/plugins/builtin/quotes/__init__.py'
INFO: 2024-11-09 13:29:36,164: log_options() 'Loaded options:'
INFO: 2024-11-09 13:29:36,164: log_options() 'change_enabled = True'
INFO: 2024-11-09 13:29:36,164: log_options() 'change_interval = 300'
INFO: 2024-11-09 13:29:36,164: log_options() 'change_on_start = True'
INFO: 2024-11-09 13:29:36,164: log_options() 'clipboard_enabled = False'
INFO: 2024-11-09 13:29:36,164: log_options() 'clipboard_hosts = ['wallhaven.cc', 'wallpapers.net', 'flickr.com', 'imgur.com', 'deviantart.com', 'interfacelift.com', 'vladstudio.com', 'imageshack.us', 'deviantart.net', 'imageshack.com']'
INFO: 2024-11-09 13:29:36,164: log_options() 'clipboard_use_whitelist = True'
INFO: 2024-11-09 13:29:36,164: log_options() 'clock_date_font = Serif 30'
INFO: 2024-11-09 13:29:36,164: log_options() 'clock_enabled = False'
INFO: 2024-11-09 13:29:36,164: log_options() 'clock_filter = -density 100 -font `fc-match -f '%{file[0]}' '%CLOCK_FONT_NAME'` -pointsize %CLOCK_FONT_SIZE -gravity SouthEast -fill '#00000044' -annotate 0x0+[%HOFFSET+58]+[%VOFFSET+108] '%H:%M' -fill white -annotate 0x0+[%HOFFSET+60]+[%VOFFSET+110] '%H:%M' -font `fc-match -f '%{file[0]}' '%DATE_FONT_NAME'` -pointsize %DATE_FONT_SIZE -fill '#00000044' -annotate 0x0+[%HOFFSET+58]+[%VOFFSET+58] '%A, %B %d' -fill white -annotate 0x0+[%HOFFSET+60]+[%VOFFSET+60] '%A, %B %d''
INFO: 2024-11-09 13:29:36,164: log_options() 'clock_font = Serif 70'
INFO: 2024-11-09 13:29:36,164: log_options() 'configfile = /home/hplat/.config/variety/variety.conf'
INFO: 2024-11-09 13:29:36,164: log_options() 'copyto_enabled = False'
INFO: 2024-11-09 13:29:36,164: log_options() 'copyto_folder = Default'
INFO: 2024-11-09 13:29:36,164: log_options() 'desired_color = [160, 160, 160]'
INFO: 2024-11-09 13:29:36,164: log_options() 'desired_color_enabled = False'
INFO: 2024-11-09 13:29:36,164: log_options() 'download_folder = /home/hplat/.config/variety/Downloaded'
INFO: 2024-11-09 13:29:36,164: log_options() 'download_preference_ratio = 0.9'
INFO: 2024-11-09 13:29:36,164: log_options() 'favorites_folder = /home/hplat/.config/variety/Favorites'
INFO: 2024-11-09 13:29:36,164: log_options() 'favorites_operations = [['Downloaded', 'Copy'], ['Fetched', 'Move'], ['Others', 'Copy']]'
INFO: 2024-11-09 13:29:36,164: log_options() 'fetched_folder = /home/hplat/.config/variety/Fetched'
INFO: 2024-11-09 13:29:36,164: log_options() 'filters = [[True, 'Keep original', ''], [False, 'Grayscale', '-type Grayscale'], [False, 'Heavy blur', '-scale 20% -blur 0x10 -resize 500%'], [False, 'Soft blur', '-scale 20% -blur 0x2 -resize 500%'], [False, 'Oil painting', '-paint 8'], [False, 'Pointilism', '-spread 10 -noise 3'], [False, 'Pixellate', '-scale 3% -scale 3333%']]'
INFO: 2024-11-09 13:29:36,164: log_options() 'get_wallpaper_script = /home/hplat/.config/variety/scripts/get_wallpaper_arco'
INFO: 2024-11-09 13:29:36,164: log_options() 'icon = Light'
INFO: 2024-11-09 13:29:36,164: log_options() 'internet_enabled = True'
INFO: 2024-11-09 13:29:36,164: log_options() 'lightness_enabled = False'
INFO: 2024-11-09 13:29:36,164: log_options() 'lightness_mode = 0'
INFO: 2024-11-09 13:29:36,164: log_options() 'min_rating = 4'
INFO: 2024-11-09 13:29:36,164: log_options() 'min_rating_enabled = False'
INFO: 2024-11-09 13:29:36,164: log_options() 'min_size = 80'
INFO: 2024-11-09 13:29:36,164: log_options() 'min_size_enabled = True'
INFO: 2024-11-09 13:29:36,164: log_options() 'quota_enabled = True'
INFO: 2024-11-09 13:29:36,164: log_options() 'quota_size = 1000'
INFO: 2024-11-09 13:29:36,164: log_options() 'quotes_authors = '
INFO: 2024-11-09 13:29:36,164: log_options() 'quotes_bg_color = [80, 80, 80]'
INFO: 2024-11-09 13:29:36,164: log_options() 'quotes_bg_opacity = 55'
INFO: 2024-11-09 13:29:36,164: log_options() 'quotes_change_enabled = False'
INFO: 2024-11-09 13:29:36,164: log_options() 'quotes_change_interval = 300'
INFO: 2024-11-09 13:29:36,164: log_options() 'quotes_disabled_sources = ['Urban Dictionary']'
INFO: 2024-11-09 13:29:36,164: log_options() 'quotes_enabled = False'
INFO: 2024-11-09 13:29:36,164: log_options() 'quotes_favorites_file = /home/hplat/.config/variety/favorite_quotes.txt'
INFO: 2024-11-09 13:29:36,164: log_options() 'quotes_font = Serif 30'
INFO: 2024-11-09 13:29:36,164: log_options() 'quotes_hpos = 100'
INFO: 2024-11-09 13:29:36,164: log_options() 'quotes_max_length = 250'
INFO: 2024-11-09 13:29:36,165: log_options() 'quotes_tags = '
INFO: 2024-11-09 13:29:36,165: log_options() 'quotes_text_color = [255, 255, 255]'
INFO: 2024-11-09 13:29:36,165: log_options() 'quotes_text_shadow = False'
INFO: 2024-11-09 13:29:36,165: log_options() 'quotes_vpos = 40'
INFO: 2024-11-09 13:29:36,165: log_options() 'quotes_width = 70'
INFO: 2024-11-09 13:29:36,165: log_options() 'safe_mode = False'
INFO: 2024-11-09 13:29:36,165: log_options() 'set_wallpaper_script = /home/hplat/.config/variety/scripts/set_wallpaper_arco'
INFO: 2024-11-09 13:29:36,165: log_options() 'slideshow_custom_enabled = False'
INFO: 2024-11-09 13:29:36,165: log_options() 'slideshow_custom_folder = /home/hplat/Pictures'
INFO: 2024-11-09 13:29:36,165: log_options() 'slideshow_downloads_enabled = False'
INFO: 2024-11-09 13:29:36,165: log_options() 'slideshow_fade = 0.4'
INFO: 2024-11-09 13:29:36,165: log_options() 'slideshow_favorites_enabled = True'
INFO: 2024-11-09 13:29:36,165: log_options() 'slideshow_mode = Fullscreen'
INFO: 2024-11-09 13:29:36,165: log_options() 'slideshow_monitor = All'
INFO: 2024-11-09 13:29:36,165: log_options() 'slideshow_pan = 0.05'
INFO: 2024-11-09 13:29:36,165: log_options() 'slideshow_seconds = 6.0'
INFO: 2024-11-09 13:29:36,165: log_options() 'slideshow_sort_order = Random'
INFO: 2024-11-09 13:29:36,165: log_options() 'slideshow_sources_enabled = True'
INFO: 2024-11-09 13:29:36,165: log_options() 'slideshow_zoom = 0.2'
INFO: 2024-11-09 13:29:36,165: log_options() 'smart_enabled = False'
INFO: 2024-11-09 13:29:36,165: log_options() 'smart_notice_shown = False'
INFO: 2024-11-09 13:29:36,165: log_options() 'smart_register_shown = False'
INFO: 2024-11-09 13:29:36,165: log_options() 'sources = [[False, 'favorites', 'The Favorites folder'], [False, 'fetched', 'The Fetched folder'], [False, 'folder', '/usr/share/backgrounds'], [False, 'flickr', 'user:www.flickr.com/photos/peter-levi/;user_id:93647178@N00;'], [False, 'apod', "NASA's Astronomy Picture of the Day"], [False, 'bing', 'Bing Photo of the Day'], [False, 'earthview', 'Google Earth View Wallpapers'], [False, 'natgeo', "National Geographic's photo of the day"], [False, 'unsplash', 'High-resolution photos from Unsplash.com'], [True, 'folder', '/home/hplat/Pictures/wallpapers'], [False, 'folder', '/home/hplat/Pictures/genesis']]'
INFO: 2024-11-09 13:29:36,165: log_options() 'stats_enabled = True'
INFO: 2024-11-09 13:29:36,165: log_options() 'stats_notice_shown = False'
INFO: 2024-11-09 13:29:36,165: log_options() 'sync_enabled = True'
INFO: 2024-11-09 13:29:36,165: log_options() 'use_landscape_enabled = True'
INFO: 2024-11-09 13:29:36,165: log_options() 'wallhaven_api_key = '
INFO: 2024-11-09 13:29:36,165: log_options() 'wallpaper_auto_rotate = True'
INFO: 2024-11-09 13:29:36,165: log_options() 'wallpaper_display_mode = os'
INFO: 2024-11-09 13:29:36,165: reload_config() 'No need to clear prepared queue'
INFO: 2024-11-09 13:29:36,165: update_indicator() 'Setting file info to: /home/hplat/Pictures/wallpapers/6.jpg'
INFO: 2024-11-09 13:29:36,170: load_last_change_time() 'Change interval < 6 hours, ignore persisted last_change_time, wait initially the whole interval: 300'
INFO: 2024-11-09 13:29:36,170: update_indicator() 'Setting file info to: /home/hplat/Pictures/wallpapers/6.jpg'
INFO: 2024-11-09 13:29:36,170: regular_change_thread() 'regular_change thread running'
INFO: 2024-11-09 13:29:36,171: prepare_thread() 'Prepare thread running'
INFO: 2024-11-09 13:29:36,171: prepare_thread() 'Prepared buffer contains 0 images'
INFO: 2024-11-09 13:29:36,171: prepare_thread() 'Preparing some images'
INFO: 2024-11-09 13:29:36,172: update_indicator_icon() 'Creating indicator'
WARNING: 2024-11-09 13:29:36,176: create_menu() 'Variety Slideshow is not installed. This is an optional extension adding pan-and-zoom slideshows to Variety: see https://github.com/peterlevi/variety-slideshow for details'
INFO: 2024-11-09 13:29:36,176: create_indicator() 'indicator backend: AppIndicator3'
INFO: 2024-11-09 13:29:36,179: prepare_thread() 'After search prepared buffer contains 12 images'
INFO: 2024-11-09 13:29:36,195: set_from_theme_icon() 'Showing indicator icon variety-indicator from GTK theme'
INFO: 2024-11-09 13:29:36,270: do_set_wp() 'Calling do_set_wp with /home/hplat/Pictures/wallpapers/6.jpg, time: 1731133776.2708666'
INFO: 2024-11-09 13:29:36,272: apply_auto_rotate() 'ImageMagick auto-rotate cmd: convert /home/hplat/Pictures/wallpapers/6.jpg -auto-orient /home/hplat/.config/variety/wallpaper/wallpaper-auto-rotated-64c10778f59bfa17ae72be31c40c2743.jpg'
INFO: 2024-11-09 13:29:36,367: update_indicator() 'Setting file info to: /home/hplat/Pictures/wallpapers/6.jpg'
INFO: 2024-11-09 13:29:36,368: list_files() 'More than 1 files in the folders, stop listing'
INFO: 2024-11-09 13:29:38,180: trigger_download() 'Triggering download thread to check if download needed and possible'
INFO: 2024-11-09 13:29:41,171: set_wallpaper() 'Calling set_wallpaper with /home/hplat/Pictures/wallpapers/3.jpg'
INFO: 2024-11-09 13:29:41,171: prepare_thread() 'Prepared buffer contains 11 images'
INFO: 2024-11-09 13:29:41,172: do_set_wp() 'Calling do_set_wp with /home/hplat/Pictures/wallpapers/3.jpg, time: 1731133781.1722107'
INFO: 2024-11-09 13:29:41,173: apply_auto_rotate() 'ImageMagick auto-rotate cmd: convert /home/hplat/Pictures/wallpapers/3.jpg -auto-orient /home/hplat/.config/variety/wallpaper/wallpaper-auto-rotated-4097f42a66fcb30c9ccf040734b85523.jpg'
INFO: 2024-11-09 13:29:43,172: trigger_download() 'Triggering download thread to check if download needed and possible'
INFO: 2024-11-09 13:29:55,783: reload() 'Reloading preferences dialog'
INFO: 2024-11-09 13:29:55,803: update_indicator() 'Setting file info to: /home/hplat/Pictures/wallpapers/3.jpg'
INFO: 2024-11-09 13:29:55,804: list_files() 'More than 1 files in the folders, stop listing'
INFO: 2024-11-09 13:29:56,172: server_options_thread() 'Fetching server options from http://tiny.cc/variety-options-063'
ERROR: 2024-11-09 13:29:57,663: server_options_thread() 'Could not fetch Variety serverside options'
Traceback (most recent call last):
  File "/usr/lib/python3.12/site-packages/requests/models.py", line 974, in json
    return complexjson.loads(self.text, **kwargs)
           ^^^^^^^^^^^^^^^^^^^^^^^^^^^^^^^^^^^^^^
  File "/usr/lib/python3.12/json/__init__.py", line 346, in loads
    return _default_decoder.decode(s)
           ^^^^^^^^^^^^^^^^^^^^^^^^^^
  File "/usr/lib/python3.12/json/decoder.py", line 337, in decode
    obj, end = self.raw_decode(s, idx=_w(s, 0).end())
               ^^^^^^^^^^^^^^^^^^^^^^^^^^^^^^^^^^^^^^
  File "/usr/lib/python3.12/json/decoder.py", line 355, in raw_decode
    raise JSONDecodeError("Expecting value", s, err.value) from None
json.decoder.JSONDecodeError: Expecting value: line 1 column 1 (char 0)

During handling of the above exception, another exception occurred:

Traceback (most recent call last):
  File "/usr/lib/python3.12/site-packages/variety/VarietyWindow.py", line 1084, in server_options_thread
    self.server_options = Util.fetch_json(VarietyWindow.SERVERSIDE_OPTIONS_URL)
                          ^^^^^^^^^^^^^^^^^^^^^^^^^^^^^^^^^^^^^^^^^^^^^^^^^^^^^
  File "/usr/lib/python3.12/site-packages/variety/Util.py", line 684, in fetch_json
    return Util.request(url, data, **request_kwargs).json()
           ^^^^^^^^^^^^^^^^^^^^^^^^^^^^^^^^^^^^^^^^^^^^^^^^
  File "/usr/lib/python3.12/site-packages/requests/models.py", line 978, in json
    raise RequestsJSONDecodeError(e.msg, e.doc, e.pos)
requests.exceptions.JSONDecodeError: Expecting value: line 1 column 1 (char 0)
INFO: 2024-11-09 13:30:27,665: server_options_thread() 'Fetching server options from http://tiny.cc/variety-options-063'
ERROR: 2024-11-09 13:30:29,110: server_options_thread() 'Could not fetch Variety serverside options'
Traceback (most recent call last):
  File "/usr/lib/python3.12/site-packages/requests/models.py", line 974, in json
    return complexjson.loads(self.text, **kwargs)
           ^^^^^^^^^^^^^^^^^^^^^^^^^^^^^^^^^^^^^^
  File "/usr/lib/python3.12/json/__init__.py", line 346, in loads
    return _default_decoder.decode(s)
           ^^^^^^^^^^^^^^^^^^^^^^^^^^
  File "/usr/lib/python3.12/json/decoder.py", line 337, in decode
    obj, end = self.raw_decode(s, idx=_w(s, 0).end())
               ^^^^^^^^^^^^^^^^^^^^^^^^^^^^^^^^^^^^^^
  File "/usr/lib/python3.12/json/decoder.py", line 355, in raw_decode
    raise JSONDecodeError("Expecting value", s, err.value) from None
json.decoder.JSONDecodeError: Expecting value: line 1 column 1 (char 0)

During handling of the above exception, another exception occurred:

Traceback (most recent call last):
  File "/usr/lib/python3.12/site-packages/variety/VarietyWindow.py", line 1084, in server_options_thread
    self.server_options = Util.fetch_json(VarietyWindow.SERVERSIDE_OPTIONS_URL)
                          ^^^^^^^^^^^^^^^^^^^^^^^^^^^^^^^^^^^^^^^^^^^^^^^^^^^^^
  File "/usr/lib/python3.12/site-packages/variety/Util.py", line 684, in fetch_json
    return Util.request(url, data, **request_kwargs).json()
           ^^^^^^^^^^^^^^^^^^^^^^^^^^^^^^^^^^^^^^^^^^^^^^^^
  File "/usr/lib/python3.12/site-packages/requests/models.py", line 978, in json
    raise RequestsJSONDecodeError(e.msg, e.doc, e.pos)
requests.exceptions.JSONDecodeError: Expecting value: line 1 column 1 (char 0)
INFO: 2024-11-09 13:30:33,604: update_indicator() 'Setting file info to: /home/hplat/Pictures/wallpapers/3.jpg'
INFO: 2024-11-09 13:30:33,605: list_files() 'More than 1 files in the folders, stop listing'
INFO: 2024-11-09 13:30:37,890: set_wallpaper() 'Calling set_wallpaper with /home/hplat/Pictures/wallpapers/4.jpg'
INFO: 2024-11-09 13:30:37,891: do_set_wp() 'Calling do_set_wp with /home/hplat/Pictures/wallpapers/4.jpg, time: 1731133837.8911004'
INFO: 2024-11-09 13:30:37,928: apply_auto_rotate() 'ImageMagick auto-rotate cmd: convert /home/hplat/Pictures/wallpapers/4.jpg -auto-orient /home/hplat/.config/variety/wallpaper/wallpaper-auto-rotated-1fdf49155daf903fd60fd2a386ed6c26.jpg'
INFO: 2024-11-09 13:30:37,980: update_indicator() 'Setting file info to: /home/hplat/Pictures/wallpapers/4.jpg'
INFO: 2024-11-09 13:30:37,981: list_files() 'More than 1 files in the folders, stop listing'
INFO: 2024-11-09 13:30:38,452: update_indicator() 'Setting file info to: /home/hplat/Pictures/wallpapers/3.jpg'
INFO: 2024-11-09 13:30:38,452: list_files() 'More than 1 files in the folders, stop listing'
INFO: 2024-11-09 13:30:43,794: update_indicator() 'Setting file info to: /home/hplat/Pictures/wallpapers/4.jpg'
INFO: 2024-11-09 13:30:43,796: list_files() 'More than 1 files in the folders, stop listing'
INFO: 2024-11-09 13:30:48,768: set_wallpaper() 'Calling set_wallpaper with /home/hplat/Pictures/wallpapers/civic3.jpg'
INFO: 2024-11-09 13:30:48,769: do_set_wp() 'Calling do_set_wp with /home/hplat/Pictures/wallpapers/civic3.jpg, time: 1731133848.7692232'
INFO: 2024-11-09 13:30:48,779: apply_auto_rotate() 'ImageMagick auto-rotate cmd: convert /home/hplat/Pictures/wallpapers/civic3.jpg -auto-orient /home/hplat/.config/variety/wallpaper/wallpaper-auto-rotated-a2c0d7d5831f4c2275af9f1fa5d61dcc.jpg'
INFO: 2024-11-09 13:30:48,832: update_indicator() 'Setting file info to: /home/hplat/Pictures/wallpapers/civic3.jpg'
INFO: 2024-11-09 13:30:48,833: list_files() 'More than 1 files in the folders, stop listing'
INFO: 2024-11-09 13:30:59,112: server_options_thread() 'Fetching server options from http://tiny.cc/variety-options-063'
INFO: 2024-11-09 13:30:59,279: set_wallpaper() 'Calling set_wallpaper with /home/hplat/Pictures/wallpapers/6.jpg'
INFO: 2024-11-09 13:30:59,279: do_set_wp() 'Calling do_set_wp with /home/hplat/Pictures/wallpapers/6.jpg, time: 1731133859.2795012'
INFO: 2024-11-09 13:30:59,279: apply_auto_rotate() 'ImageMagick auto-rotate cmd: convert /home/hplat/Pictures/wallpapers/6.jpg -auto-orient /home/hplat/.config/variety/wallpaper/wallpaper-auto-rotated-9fc15183153edc1f2edc3283bce827b4.jpg'
INFO: 2024-11-09 13:30:59,346: update_indicator() 'Setting file info to: /home/hplat/Pictures/wallpapers/6.jpg'
INFO: 2024-11-09 13:30:59,347: list_files() 'More than 1 files in the folders, stop listing'
ERROR: 2024-11-09 13:31:00,462: server_options_thread() 'Could not fetch Variety serverside options'
Traceback (most recent call last):
  File "/usr/lib/python3.12/site-packages/requests/models.py", line 974, in json
    return complexjson.loads(self.text, **kwargs)
           ^^^^^^^^^^^^^^^^^^^^^^^^^^^^^^^^^^^^^^
  File "/usr/lib/python3.12/json/__init__.py", line 346, in loads
    return _default_decoder.decode(s)
           ^^^^^^^^^^^^^^^^^^^^^^^^^^
  File "/usr/lib/python3.12/json/decoder.py", line 337, in decode
    obj, end = self.raw_decode(s, idx=_w(s, 0).end())
               ^^^^^^^^^^^^^^^^^^^^^^^^^^^^^^^^^^^^^^
  File "/usr/lib/python3.12/json/decoder.py", line 355, in raw_decode
    raise JSONDecodeError("Expecting value", s, err.value) from None
json.decoder.JSONDecodeError: Expecting value: line 1 column 1 (char 0)

During handling of the above exception, another exception occurred:

Traceback (most recent call last):
  File "/usr/lib/python3.12/site-packages/variety/VarietyWindow.py", line 1084, in server_options_thread
    self.server_options = Util.fetch_json(VarietyWindow.SERVERSIDE_OPTIONS_URL)
                          ^^^^^^^^^^^^^^^^^^^^^^^^^^^^^^^^^^^^^^^^^^^^^^^^^^^^^
  File "/usr/lib/python3.12/site-packages/variety/Util.py", line 684, in fetch_json
    return Util.request(url, data, **request_kwargs).json()
           ^^^^^^^^^^^^^^^^^^^^^^^^^^^^^^^^^^^^^^^^^^^^^^^^
  File "/usr/lib/python3.12/site-packages/requests/models.py", line 978, in json
    raise RequestsJSONDecodeError(e.msg, e.doc, e.pos)
requests.exceptions.JSONDecodeError: Expecting value: line 1 column 1 (char 0)
INFO: 2024-11-09 13:31:03,098: update_indicator() 'Setting file info to: /home/hplat/Pictures/wallpapers/6.jpg'
INFO: 2024-11-09 13:31:03,099: list_files() 'More than 1 files in the folders, stop listing'
INFO: 2024-11-09 13:31:05,283: reload() 'Reloading preferences dialog'
INFO: 2024-11-09 13:31:07,817: apply() 'Applying preferences'
INFO: 2024-11-09 13:31:07,822: log_options() 'Loaded options:'
INFO: 2024-11-09 13:31:07,822: log_options() 'change_enabled = False'
INFO: 2024-11-09 13:31:07,822: log_options() 'change_interval = 300'
INFO: 2024-11-09 13:31:07,822: log_options() 'change_on_start = True'
INFO: 2024-11-09 13:31:07,822: log_options() 'clipboard_enabled = False'
INFO: 2024-11-09 13:31:07,822: log_options() 'clipboard_hosts = ['wallhaven.cc', 'wallpapers.net', 'flickr.com', 'imgur.com', 'deviantart.com', 'interfacelift.com', 'vladstudio.com', 'imageshack.us', 'deviantart.net', 'imageshack.com']'
INFO: 2024-11-09 13:31:07,822: log_options() 'clipboard_use_whitelist = True'
INFO: 2024-11-09 13:31:07,822: set_visible() 'Showing indicator icon'
INFO: 2024-11-09 13:31:07,823: log_options() 'clock_date_font = Serif 30'
INFO: 2024-11-09 13:31:07,823: log_options() 'clock_enabled = False'
INFO: 2024-11-09 13:31:07,823: log_options() 'clock_filter = -density 100 -font `fc-match -f '%{file[0]}' '%CLOCK_FONT_NAME'` -pointsize %CLOCK_FONT_SIZE -gravity SouthEast -fill '#00000044' -annotate 0x0+[%HOFFSET+58]+[%VOFFSET+108] '%H:%M' -fill white -annotate 0x0+[%HOFFSET+60]+[%VOFFSET+110] '%H:%M' -font `fc-match -f '%{file[0]}' '%DATE_FONT_NAME'` -pointsize %DATE_FONT_SIZE -fill '#00000044' -annotate 0x0+[%HOFFSET+58]+[%VOFFSET+58] '%A, %B %d' -fill white -annotate 0x0+[%HOFFSET+60]+[%VOFFSET+60] '%A, %B %d''
INFO: 2024-11-09 13:31:07,823: set_from_theme_icon() 'Showing indicator icon variety-indicator from GTK theme'
INFO: 2024-11-09 13:31:07,823: log_options() 'clock_font = Serif 70'
INFO: 2024-11-09 13:31:07,823: log_options() 'configfile = /home/hplat/.config/variety/variety.conf'
INFO: 2024-11-09 13:31:07,823: log_options() 'copyto_enabled = False'
INFO: 2024-11-09 13:31:07,823: log_options() 'copyto_folder = Default'
INFO: 2024-11-09 13:31:07,823: log_options() 'desired_color = [160, 160, 160]'
INFO: 2024-11-09 13:31:07,823: log_options() 'desired_color_enabled = False'
INFO: 2024-11-09 13:31:07,823: log_options() 'download_folder = /home/hplat/.config/variety/Downloaded'
INFO: 2024-11-09 13:31:07,823: log_options() 'download_preference_ratio = 0.9'
INFO: 2024-11-09 13:31:07,823: log_options() 'favorites_folder = /home/hplat/.config/variety/Favorites'
INFO: 2024-11-09 13:31:07,823: log_options() 'favorites_operations = [['Downloaded', 'Copy'], ['Fetched', 'Move'], ['Others', 'Copy']]'
INFO: 2024-11-09 13:31:07,823: log_options() 'fetched_folder = /home/hplat/.config/variety/Fetched'
INFO: 2024-11-09 13:31:07,823: log_options() 'filters = [[True, 'Keep original', ''], [False, 'Grayscale', '-type Grayscale'], [False, 'Heavy blur', '-scale 20% -blur 0x10 -resize 500%'], [False, 'Soft blur', '-scale 20% -blur 0x2 -resize 500%'], [False, 'Oil painting', '-paint 8'], [False, 'Pointilism', '-spread 10 -noise 3'], [False, 'Pixellate', '-scale 3% -scale 3333%']]'
INFO: 2024-11-09 13:31:07,823: log_options() 'get_wallpaper_script = /home/hplat/.config/variety/scripts/get_wallpaper_arco'
INFO: 2024-11-09 13:31:07,823: log_options() 'icon = Light'
INFO: 2024-11-09 13:31:07,823: log_options() 'internet_enabled = True'
INFO: 2024-11-09 13:31:07,823: log_options() 'lightness_enabled = False'
INFO: 2024-11-09 13:31:07,823: log_options() 'lightness_mode = 0'
INFO: 2024-11-09 13:31:07,823: log_options() 'min_rating = 4'
INFO: 2024-11-09 13:31:07,823: log_options() 'min_rating_enabled = False'
INFO: 2024-11-09 13:31:07,823: log_options() 'min_size = 80'
INFO: 2024-11-09 13:31:07,823: log_options() 'min_size_enabled = True'
INFO: 2024-11-09 13:31:07,823: log_options() 'quota_enabled = True'
INFO: 2024-11-09 13:31:07,823: log_options() 'quota_size = 1000'
INFO: 2024-11-09 13:31:07,823: log_options() 'quotes_authors = '
INFO: 2024-11-09 13:31:07,823: log_options() 'quotes_bg_color = [80, 80, 80]'
INFO: 2024-11-09 13:31:07,824: log_options() 'quotes_bg_opacity = 55'
INFO: 2024-11-09 13:31:07,824: log_options() 'quotes_change_enabled = False'
INFO: 2024-11-09 13:31:07,824: log_options() 'quotes_change_interval = 300'
INFO: 2024-11-09 13:31:07,824: log_options() 'quotes_disabled_sources = ['Urban Dictionary']'
INFO: 2024-11-09 13:31:07,824: log_options() 'quotes_enabled = False'
INFO: 2024-11-09 13:31:07,824: log_options() 'quotes_favorites_file = /home/hplat/.config/variety/favorite_quotes.txt'
INFO: 2024-11-09 13:31:07,824: log_options() 'quotes_font = Serif 30'
INFO: 2024-11-09 13:31:07,824: log_options() 'quotes_hpos = 100'
INFO: 2024-11-09 13:31:07,824: log_options() 'quotes_max_length = 250'
INFO: 2024-11-09 13:31:07,824: log_options() 'quotes_tags = '
INFO: 2024-11-09 13:31:07,824: log_options() 'quotes_text_color = [255, 255, 255]'
INFO: 2024-11-09 13:31:07,824: log_options() 'quotes_text_shadow = False'
INFO: 2024-11-09 13:31:07,824: log_options() 'quotes_vpos = 40'
INFO: 2024-11-09 13:31:07,824: log_options() 'quotes_width = 70'
INFO: 2024-11-09 13:31:07,824: log_options() 'safe_mode = False'
INFO: 2024-11-09 13:31:07,824: log_options() 'set_wallpaper_script = /home/hplat/.config/variety/scripts/set_wallpaper_arco'
INFO: 2024-11-09 13:31:07,824: log_options() 'slideshow_custom_enabled = False'
INFO: 2024-11-09 13:31:07,824: log_options() 'slideshow_custom_folder = /home/hplat/Pictures'
INFO: 2024-11-09 13:31:07,824: log_options() 'slideshow_downloads_enabled = False'
INFO: 2024-11-09 13:31:07,824: log_options() 'slideshow_fade = 0.4'
INFO: 2024-11-09 13:31:07,824: log_options() 'slideshow_favorites_enabled = True'
INFO: 2024-11-09 13:31:07,824: log_options() 'slideshow_mode = Fullscreen'
INFO: 2024-11-09 13:31:07,824: log_options() 'slideshow_monitor = All'
INFO: 2024-11-09 13:31:07,824: log_options() 'slideshow_pan = 0.05'
INFO: 2024-11-09 13:31:07,824: log_options() 'slideshow_seconds = 6.0'
INFO: 2024-11-09 13:31:07,824: log_options() 'slideshow_sort_order = Random'
INFO: 2024-11-09 13:31:07,824: log_options() 'slideshow_sources_enabled = True'
INFO: 2024-11-09 13:31:07,824: log_options() 'slideshow_zoom = 0.2'
INFO: 2024-11-09 13:31:07,824: log_options() 'smart_enabled = False'
INFO: 2024-11-09 13:31:07,824: log_options() 'smart_notice_shown = False'
INFO: 2024-11-09 13:31:07,824: log_options() 'smart_register_shown = False'
INFO: 2024-11-09 13:31:07,824: log_options() 'sources = [[False, 'favorites', 'The Favorites folder'], [False, 'fetched', 'The Fetched folder'], [False, 'folder', '/usr/share/backgrounds'], [False, 'flickr', 'user:www.flickr.com/photos/peter-levi/;user_id:93647178@N00;'], [False, 'apod', "NASA's Astronomy Picture of the Day"], [False, 'bing', 'Bing Photo of the Day'], [False, 'earthview', 'Google Earth View Wallpapers'], [False, 'natgeo', "National Geographic's photo of the day"], [False, 'unsplash', 'High-resolution photos from Unsplash.com'], [True, 'folder', '/home/hplat/Pictures/wallpapers'], [False, 'folder', '/home/hplat/Pictures/genesis']]'
INFO: 2024-11-09 13:31:07,824: log_options() 'stats_enabled = True'
INFO: 2024-11-09 13:31:07,824: log_options() 'stats_notice_shown = False'
INFO: 2024-11-09 13:31:07,824: log_options() 'sync_enabled = True'
INFO: 2024-11-09 13:31:07,824: log_options() 'use_landscape_enabled = True'
INFO: 2024-11-09 13:31:07,824: log_options() 'wallhaven_api_key = '
INFO: 2024-11-09 13:31:07,824: log_options() 'wallpaper_auto_rotate = True'
INFO: 2024-11-09 13:31:07,824: log_options() 'wallpaper_display_mode = os'
INFO: 2024-11-09 13:31:07,824: reload_config() 'No need to clear prepared queue'
INFO: 2024-11-09 13:31:07,824: update_indicator() 'Setting file info to: /home/hplat/Pictures/wallpapers/6.jpg'
INFO: 2024-11-09 13:31:07,825: list_files() 'More than 1 files in the folders, stop listing'
INFO: 2024-11-09 13:31:07,826: regular_change_thread() 'regular_change: waiting till user resumes'
INFO: 2024-11-09 13:31:07,826: prepare_thread() 'Prepared buffer contains 11 images'
INFO: 2024-11-09 13:31:07,926: do_set_wp() 'Calling do_set_wp with /home/hplat/Pictures/wallpapers/6.jpg, time: 1731133867.9261866'
INFO: 2024-11-09 13:31:07,926: apply_auto_rotate() 'ImageMagick auto-rotate cmd: convert /home/hplat/Pictures/wallpapers/6.jpg -auto-orient /home/hplat/.config/variety/wallpaper/wallpaper-auto-rotated-7ac4bd6a4e61ebf32887846e48806c1e.jpg'
INFO: 2024-11-09 13:31:07,992: update_indicator() 'Setting file info to: /home/hplat/Pictures/wallpapers/6.jpg'
INFO: 2024-11-09 13:31:07,993: list_files() 'More than 1 files in the folders, stop listing'
INFO: 2024-11-09 13:31:09,038: apply() 'Applying preferences'
INFO: 2024-11-09 13:31:09,041: set_visible() 'Showing indicator icon'
INFO: 2024-11-09 13:31:09,041: set_from_theme_icon() 'Showing indicator icon variety-indicator from GTK theme'
INFO: 2024-11-09 13:31:09,041: log_options() 'Loaded options:'
INFO: 2024-11-09 13:31:09,042: log_options() 'change_enabled = False'
INFO: 2024-11-09 13:31:09,042: log_options() 'change_interval = 300'
INFO: 2024-11-09 13:31:09,042: log_options() 'change_on_start = False'
INFO: 2024-11-09 13:31:09,042: log_options() 'clipboard_enabled = False'
INFO: 2024-11-09 13:31:09,042: log_options() 'clipboard_hosts = ['wallhaven.cc', 'wallpapers.net', 'flickr.com', 'imgur.com', 'deviantart.com', 'interfacelift.com', 'vladstudio.com', 'imageshack.us', 'deviantart.net', 'imageshack.com']'
INFO: 2024-11-09 13:31:09,042: log_options() 'clipboard_use_whitelist = True'
INFO: 2024-11-09 13:31:09,042: log_options() 'clock_date_font = Serif 30'
INFO: 2024-11-09 13:31:09,042: log_options() 'clock_enabled = False'
INFO: 2024-11-09 13:31:09,042: log_options() 'clock_filter = -density 100 -font `fc-match -f '%{file[0]}' '%CLOCK_FONT_NAME'` -pointsize %CLOCK_FONT_SIZE -gravity SouthEast -fill '#00000044' -annotate 0x0+[%HOFFSET+58]+[%VOFFSET+108] '%H:%M' -fill white -annotate 0x0+[%HOFFSET+60]+[%VOFFSET+110] '%H:%M' -font `fc-match -f '%{file[0]}' '%DATE_FONT_NAME'` -pointsize %DATE_FONT_SIZE -fill '#00000044' -annotate 0x0+[%HOFFSET+58]+[%VOFFSET+58] '%A, %B %d' -fill white -annotate 0x0+[%HOFFSET+60]+[%VOFFSET+60] '%A, %B %d''
INFO: 2024-11-09 13:31:09,042: log_options() 'clock_font = Serif 70'
INFO: 2024-11-09 13:31:09,042: log_options() 'configfile = /home/hplat/.config/variety/variety.conf'
INFO: 2024-11-09 13:31:09,042: log_options() 'copyto_enabled = False'
INFO: 2024-11-09 13:31:09,042: log_options() 'copyto_folder = Default'
INFO: 2024-11-09 13:31:09,042: log_options() 'desired_color = [160, 160, 160]'
INFO: 2024-11-09 13:31:09,042: log_options() 'desired_color_enabled = False'
INFO: 2024-11-09 13:31:09,042: log_options() 'download_folder = /home/hplat/.config/variety/Downloaded'
INFO: 2024-11-09 13:31:09,042: log_options() 'download_preference_ratio = 0.9'
INFO: 2024-11-09 13:31:09,042: log_options() 'favorites_folder = /home/hplat/.config/variety/Favorites'
INFO: 2024-11-09 13:31:09,042: log_options() 'favorites_operations = [['Downloaded', 'Copy'], ['Fetched', 'Move'], ['Others', 'Copy']]'
INFO: 2024-11-09 13:31:09,042: log_options() 'fetched_folder = /home/hplat/.config/variety/Fetched'
INFO: 2024-11-09 13:31:09,042: log_options() 'filters = [[True, 'Keep original', ''], [False, 'Grayscale', '-type Grayscale'], [False, 'Heavy blur', '-scale 20% -blur 0x10 -resize 500%'], [False, 'Soft blur', '-scale 20% -blur 0x2 -resize 500%'], [False, 'Oil painting', '-paint 8'], [False, 'Pointilism', '-spread 10 -noise 3'], [False, 'Pixellate', '-scale 3% -scale 3333%']]'
INFO: 2024-11-09 13:31:09,042: log_options() 'get_wallpaper_script = /home/hplat/.config/variety/scripts/get_wallpaper_arco'
INFO: 2024-11-09 13:31:09,042: log_options() 'icon = Light'
INFO: 2024-11-09 13:31:09,042: log_options() 'internet_enabled = True'
INFO: 2024-11-09 13:31:09,042: log_options() 'lightness_enabled = False'
INFO: 2024-11-09 13:31:09,042: log_options() 'lightness_mode = 0'
INFO: 2024-11-09 13:31:09,042: log_options() 'min_rating = 4'
INFO: 2024-11-09 13:31:09,042: log_options() 'min_rating_enabled = False'
INFO: 2024-11-09 13:31:09,042: log_options() 'min_size = 80'
INFO: 2024-11-09 13:31:09,042: log_options() 'min_size_enabled = True'
INFO: 2024-11-09 13:31:09,042: log_options() 'quota_enabled = True'
INFO: 2024-11-09 13:31:09,042: log_options() 'quota_size = 1000'
INFO: 2024-11-09 13:31:09,042: log_options() 'quotes_authors = '
INFO: 2024-11-09 13:31:09,042: log_options() 'quotes_bg_color = [80, 80, 80]'
INFO: 2024-11-09 13:31:09,042: log_options() 'quotes_bg_opacity = 55'
INFO: 2024-11-09 13:31:09,042: log_options() 'quotes_change_enabled = False'
INFO: 2024-11-09 13:31:09,042: log_options() 'quotes_change_interval = 300'
INFO: 2024-11-09 13:31:09,042: log_options() 'quotes_disabled_sources = ['Urban Dictionary']'
INFO: 2024-11-09 13:31:09,042: log_options() 'quotes_enabled = False'
INFO: 2024-11-09 13:31:09,042: log_options() 'quotes_favorites_file = /home/hplat/.config/variety/favorite_quotes.txt'
INFO: 2024-11-09 13:31:09,042: log_options() 'quotes_font = Serif 30'
INFO: 2024-11-09 13:31:09,042: log_options() 'quotes_hpos = 100'
INFO: 2024-11-09 13:31:09,042: log_options() 'quotes_max_length = 250'
INFO: 2024-11-09 13:31:09,042: log_options() 'quotes_tags = '
INFO: 2024-11-09 13:31:09,042: log_options() 'quotes_text_color = [255, 255, 255]'
INFO: 2024-11-09 13:31:09,042: log_options() 'quotes_text_shadow = False'
INFO: 2024-11-09 13:31:09,042: log_options() 'quotes_vpos = 40'
INFO: 2024-11-09 13:31:09,042: log_options() 'quotes_width = 70'
INFO: 2024-11-09 13:31:09,042: log_options() 'safe_mode = False'
INFO: 2024-11-09 13:31:09,042: log_options() 'set_wallpaper_script = /home/hplat/.config/variety/scripts/set_wallpaper_arco'
INFO: 2024-11-09 13:31:09,042: log_options() 'slideshow_custom_enabled = False'
INFO: 2024-11-09 13:31:09,042: log_options() 'slideshow_custom_folder = /home/hplat/Pictures'
INFO: 2024-11-09 13:31:09,042: log_options() 'slideshow_downloads_enabled = False'
INFO: 2024-11-09 13:31:09,042: log_options() 'slideshow_fade = 0.4'
INFO: 2024-11-09 13:31:09,042: log_options() 'slideshow_favorites_enabled = True'
INFO: 2024-11-09 13:31:09,042: log_options() 'slideshow_mode = Fullscreen'
INFO: 2024-11-09 13:31:09,042: log_options() 'slideshow_monitor = All'
INFO: 2024-11-09 13:31:09,042: log_options() 'slideshow_pan = 0.05'
INFO: 2024-11-09 13:31:09,042: log_options() 'slideshow_seconds = 6.0'
INFO: 2024-11-09 13:31:09,042: log_options() 'slideshow_sort_order = Random'
INFO: 2024-11-09 13:31:09,042: log_options() 'slideshow_sources_enabled = True'
INFO: 2024-11-09 13:31:09,042: log_options() 'slideshow_zoom = 0.2'
INFO: 2024-11-09 13:31:09,042: log_options() 'smart_enabled = False'
INFO: 2024-11-09 13:31:09,042: log_options() 'smart_notice_shown = False'
INFO: 2024-11-09 13:31:09,042: log_options() 'smart_register_shown = False'
INFO: 2024-11-09 13:31:09,043: log_options() 'sources = [[False, 'favorites', 'The Favorites folder'], [False, 'fetched', 'The Fetched folder'], [False, 'folder', '/usr/share/backgrounds'], [False, 'flickr', 'user:www.flickr.com/photos/peter-levi/;user_id:93647178@N00;'], [False, 'apod', "NASA's Astronomy Picture of the Day"], [False, 'bing', 'Bing Photo of the Day'], [False, 'earthview', 'Google Earth View Wallpapers'], [False, 'natgeo', "National Geographic's photo of the day"], [False, 'unsplash', 'High-resolution photos from Unsplash.com'], [True, 'folder', '/home/hplat/Pictures/wallpapers'], [False, 'folder', '/home/hplat/Pictures/genesis']]'
INFO: 2024-11-09 13:31:09,043: log_options() 'stats_enabled = True'
INFO: 2024-11-09 13:31:09,043: log_options() 'stats_notice_shown = False'
INFO: 2024-11-09 13:31:09,043: log_options() 'sync_enabled = True'
INFO: 2024-11-09 13:31:09,043: log_options() 'use_landscape_enabled = True'
INFO: 2024-11-09 13:31:09,043: log_options() 'wallhaven_api_key = '
INFO: 2024-11-09 13:31:09,043: log_options() 'wallpaper_auto_rotate = True'
INFO: 2024-11-09 13:31:09,043: log_options() 'wallpaper_display_mode = os'
INFO: 2024-11-09 13:31:09,043: reload_config() 'No need to clear prepared queue'
INFO: 2024-11-09 13:31:09,043: update_indicator() 'Setting file info to: /home/hplat/Pictures/wallpapers/6.jpg'
INFO: 2024-11-09 13:31:09,043: list_files() 'More than 1 files in the folders, stop listing'
INFO: 2024-11-09 13:31:09,043: regular_change_thread() 'regular_change: waiting till user resumes'
INFO: 2024-11-09 13:31:09,044: prepare_thread() 'Prepared buffer contains 11 images'
INFO: 2024-11-09 13:31:09,143: do_set_wp() 'Calling do_set_wp with /home/hplat/Pictures/wallpapers/6.jpg, time: 1731133869.143954'
INFO: 2024-11-09 13:31:09,827: trigger_download() 'Triggering download thread to check if download needed and possible'
INFO: 2024-11-09 13:31:11,044: trigger_download() 'Triggering download thread to check if download needed and possible'
INFO: 2024-11-09 13:31:11,263: apply_auto_rotate() 'ImageMagick auto-rotate cmd: convert /home/hplat/Pictures/wallpapers/6.jpg -auto-orient /home/hplat/.config/variety/wallpaper/wallpaper-auto-rotated-4445ed4a28004457ea62aebb90d2bb64.jpg'
INFO: 2024-11-09 13:31:11,325: update_indicator() 'Setting file info to: /home/hplat/Pictures/wallpapers/6.jpg'
INFO: 2024-11-09 13:31:11,326: list_files() 'More than 1 files in the folders, stop listing'
INFO: 2024-11-09 13:31:11,847: apply() 'Applying preferences'
INFO: 2024-11-09 13:31:11,851: log_options() 'Loaded options:'
INFO: 2024-11-09 13:31:11,851: log_options() 'change_enabled = False'
INFO: 2024-11-09 13:31:11,851: log_options() 'change_interval = 300'
INFO: 2024-11-09 13:31:11,851: log_options() 'change_on_start = False'
INFO: 2024-11-09 13:31:11,851: log_options() 'clipboard_enabled = False'
INFO: 2024-11-09 13:31:11,851: log_options() 'clipboard_hosts = ['wallhaven.cc', 'wallpapers.net', 'flickr.com', 'imgur.com', 'deviantart.com', 'interfacelift.com', 'vladstudio.com', 'imageshack.us', 'deviantart.net', 'imageshack.com']'
INFO: 2024-11-09 13:31:11,851: log_options() 'clipboard_use_whitelist = True'
INFO: 2024-11-09 13:31:11,851: log_options() 'clock_date_font = Serif 30'
INFO: 2024-11-09 13:31:11,851: log_options() 'clock_enabled = False'
INFO: 2024-11-09 13:31:11,851: log_options() 'clock_filter = -density 100 -font `fc-match -f '%{file[0]}' '%CLOCK_FONT_NAME'` -pointsize %CLOCK_FONT_SIZE -gravity SouthEast -fill '#00000044' -annotate 0x0+[%HOFFSET+58]+[%VOFFSET+108] '%H:%M' -fill white -annotate 0x0+[%HOFFSET+60]+[%VOFFSET+110] '%H:%M' -font `fc-match -f '%{file[0]}' '%DATE_FONT_NAME'` -pointsize %DATE_FONT_SIZE -fill '#00000044' -annotate 0x0+[%HOFFSET+58]+[%VOFFSET+58] '%A, %B %d' -fill white -annotate 0x0+[%HOFFSET+60]+[%VOFFSET+60] '%A, %B %d''
INFO: 2024-11-09 13:31:11,851: log_options() 'clock_font = Serif 70'
INFO: 2024-11-09 13:31:11,851: log_options() 'configfile = /home/hplat/.config/variety/variety.conf'
INFO: 2024-11-09 13:31:11,851: log_options() 'copyto_enabled = False'
INFO: 2024-11-09 13:31:11,851: log_options() 'copyto_folder = Default'
INFO: 2024-11-09 13:31:11,851: log_options() 'desired_color = [160, 160, 160]'
INFO: 2024-11-09 13:31:11,851: log_options() 'desired_color_enabled = False'
INFO: 2024-11-09 13:31:11,851: log_options() 'download_folder = /home/hplat/.config/variety/Downloaded'
INFO: 2024-11-09 13:31:11,851: log_options() 'download_preference_ratio = 0.9'
INFO: 2024-11-09 13:31:11,851: log_options() 'favorites_folder = /home/hplat/.config/variety/Favorites'
INFO: 2024-11-09 13:31:11,851: log_options() 'favorites_operations = [['Downloaded', 'Copy'], ['Fetched', 'Move'], ['Others', 'Copy']]'
INFO: 2024-11-09 13:31:11,851: log_options() 'fetched_folder = /home/hplat/.config/variety/Fetched'
INFO: 2024-11-09 13:31:11,851: log_options() 'filters = [[True, 'Keep original', ''], [False, 'Grayscale', '-type Grayscale'], [False, 'Heavy blur', '-scale 20% -blur 0x10 -resize 500%'], [False, 'Soft blur', '-scale 20% -blur 0x2 -resize 500%'], [False, 'Oil painting', '-paint 8'], [False, 'Pointilism', '-spread 10 -noise 3'], [False, 'Pixellate', '-scale 3% -scale 3333%']]'
INFO: 2024-11-09 13:31:11,851: set_visible() 'Showing indicator icon'
INFO: 2024-11-09 13:31:11,851: log_options() 'get_wallpaper_script = /home/hplat/.config/variety/scripts/get_wallpaper_arco'
INFO: 2024-11-09 13:31:11,851: log_options() 'icon = Light'
INFO: 2024-11-09 13:31:11,851: log_options() 'internet_enabled = True'
INFO: 2024-11-09 13:31:11,851: log_options() 'lightness_enabled = False'
INFO: 2024-11-09 13:31:11,851: log_options() 'lightness_mode = 0'
INFO: 2024-11-09 13:31:11,851: log_options() 'min_rating = 4'
INFO: 2024-11-09 13:31:11,851: log_options() 'min_rating_enabled = False'
INFO: 2024-11-09 13:31:11,851: log_options() 'min_size = 80'
INFO: 2024-11-09 13:31:11,851: log_options() 'min_size_enabled = True'
INFO: 2024-11-09 13:31:11,851: log_options() 'quota_enabled = True'
INFO: 2024-11-09 13:31:11,851: log_options() 'quota_size = 1000'
INFO: 2024-11-09 13:31:11,851: log_options() 'quotes_authors = '
INFO: 2024-11-09 13:31:11,851: log_options() 'quotes_bg_color = [80, 80, 80]'
INFO: 2024-11-09 13:31:11,851: log_options() 'quotes_bg_opacity = 55'
INFO: 2024-11-09 13:31:11,851: log_options() 'quotes_change_enabled = False'
INFO: 2024-11-09 13:31:11,851: log_options() 'quotes_change_interval = 300'
INFO: 2024-11-09 13:31:11,851: log_options() 'quotes_disabled_sources = ['Urban Dictionary']'
INFO: 2024-11-09 13:31:11,851: log_options() 'quotes_enabled = False'
INFO: 2024-11-09 13:31:11,851: log_options() 'quotes_favorites_file = /home/hplat/.config/variety/favorite_quotes.txt'
INFO: 2024-11-09 13:31:11,851: log_options() 'quotes_font = Serif 30'
INFO: 2024-11-09 13:31:11,851: log_options() 'quotes_hpos = 100'
INFO: 2024-11-09 13:31:11,852: log_options() 'quotes_max_length = 250'
INFO: 2024-11-09 13:31:11,852: log_options() 'quotes_tags = '
INFO: 2024-11-09 13:31:11,852: log_options() 'quotes_text_color = [255, 255, 255]'
INFO: 2024-11-09 13:31:11,852: log_options() 'quotes_text_shadow = False'
INFO: 2024-11-09 13:31:11,852: log_options() 'quotes_vpos = 40'
INFO: 2024-11-09 13:31:11,852: log_options() 'quotes_width = 70'
INFO: 2024-11-09 13:31:11,852: log_options() 'safe_mode = False'
INFO: 2024-11-09 13:31:11,852: log_options() 'set_wallpaper_script = /home/hplat/.config/variety/scripts/set_wallpaper_arco'
INFO: 2024-11-09 13:31:11,852: log_options() 'slideshow_custom_enabled = False'
INFO: 2024-11-09 13:31:11,852: log_options() 'slideshow_custom_folder = /home/hplat/Pictures'
INFO: 2024-11-09 13:31:11,852: log_options() 'slideshow_downloads_enabled = False'
INFO: 2024-11-09 13:31:11,852: log_options() 'slideshow_fade = 0.4'
INFO: 2024-11-09 13:31:11,852: log_options() 'slideshow_favorites_enabled = True'
INFO: 2024-11-09 13:31:11,852: log_options() 'slideshow_mode = Fullscreen'
INFO: 2024-11-09 13:31:11,852: log_options() 'slideshow_monitor = All'
INFO: 2024-11-09 13:31:11,852: log_options() 'slideshow_pan = 0.05'
INFO: 2024-11-09 13:31:11,852: log_options() 'slideshow_seconds = 6.0'
INFO: 2024-11-09 13:31:11,852: log_options() 'slideshow_sort_order = Random'
INFO: 2024-11-09 13:31:11,852: log_options() 'slideshow_sources_enabled = True'
INFO: 2024-11-09 13:31:11,852: log_options() 'slideshow_zoom = 0.2'
INFO: 2024-11-09 13:31:11,852: log_options() 'smart_enabled = False'
INFO: 2024-11-09 13:31:11,852: log_options() 'smart_notice_shown = False'
INFO: 2024-11-09 13:31:11,852: log_options() 'smart_register_shown = False'
INFO: 2024-11-09 13:31:11,852: log_options() 'sources = [[False, 'favorites', 'The Favorites folder'], [False, 'fetched', 'The Fetched folder'], [False, 'folder', '/usr/share/backgrounds'], [False, 'flickr', 'user:www.flickr.com/photos/peter-levi/;user_id:93647178@N00;'], [False, 'apod', "NASA's Astronomy Picture of the Day"], [False, 'bing', 'Bing Photo of the Day'], [False, 'earthview', 'Google Earth View Wallpapers'], [False, 'natgeo', "National Geographic's photo of the day"], [False, 'unsplash', 'High-resolution photos from Unsplash.com'], [True, 'folder', '/home/hplat/Pictures/wallpapers'], [False, 'folder', '/home/hplat/Pictures/genesis']]'
INFO: 2024-11-09 13:31:11,852: set_from_theme_icon() 'Showing indicator icon variety-indicator from GTK theme'
INFO: 2024-11-09 13:31:11,852: log_options() 'stats_enabled = True'
INFO: 2024-11-09 13:31:11,852: log_options() 'stats_notice_shown = False'
INFO: 2024-11-09 13:31:11,852: log_options() 'sync_enabled = True'
INFO: 2024-11-09 13:31:11,852: log_options() 'use_landscape_enabled = True'
INFO: 2024-11-09 13:31:11,852: log_options() 'wallhaven_api_key = '
INFO: 2024-11-09 13:31:11,852: log_options() 'wallpaper_auto_rotate = True'
INFO: 2024-11-09 13:31:11,852: log_options() 'wallpaper_display_mode = os'
INFO: 2024-11-09 13:31:11,852: reload_config() 'No need to clear prepared queue'
INFO: 2024-11-09 13:31:11,852: update_indicator() 'Setting file info to: /home/hplat/Pictures/wallpapers/6.jpg'
INFO: 2024-11-09 13:31:11,853: list_files() 'More than 1 files in the folders, stop listing'
INFO: 2024-11-09 13:31:11,853: update_autostart() 'Removing autostart entry'
INFO: 2024-11-09 13:31:11,853: prepare_thread() 'Prepared buffer contains 11 images'
INFO: 2024-11-09 13:31:11,853: regular_change_thread() 'regular_change: waiting till user resumes'
INFO: 2024-11-09 13:31:11,953: do_set_wp() 'Calling do_set_wp with /home/hplat/Pictures/wallpapers/6.jpg, time: 1731133871.9534287'
INFO: 2024-11-09 13:31:13,853: trigger_download() 'Triggering download thread to check if download needed and possible'
INFO: 2024-11-09 13:31:14,055: trigger_download() 'Triggering download thread to check if download needed and possible'
INFO: 2024-11-09 13:31:14,547: apply_auto_rotate() 'ImageMagick auto-rotate cmd: convert /home/hplat/Pictures/wallpapers/6.jpg -auto-orient /home/hplat/.config/variety/wallpaper/wallpaper-auto-rotated-498e807220347e64ab38aee0f62a894d.jpg'
INFO: 2024-11-09 13:31:14,615: update_indicator() 'Setting file info to: /home/hplat/Pictures/wallpapers/6.jpg'
INFO: 2024-11-09 13:31:14,616: list_files() 'More than 1 files in the folders, stop listing'
